<?xml version="1.0" encoding="UTF-8"?>
<testng-results ignored="0" total="1" passed="1" failed="0" skipped="0">
  <reporter-output>
  </reporter-output>
  <suite started-at="2024-12-31T18:49:31 IST" name="Suite" finished-at="2024-12-31T18:49:36 IST" duration-ms="5617">
    <groups>
      <group name="Sanity">
        <method signature="tc001_LoginTest.verifyUserLogin()[pri:0, instance:com.ltim.testcases.tc001_LoginTest@5876a9af]" name="verifyUserLogin" class="com.ltim.testcases.tc001_LoginTest"/>
      </group> <!-- Sanity -->
      <group name="Regression">
        <method signature="tc001_LoginTest.verifyUserLogin()[pri:0, instance:com.ltim.testcases.tc001_LoginTest@5876a9af]" name="verifyUserLogin" class="com.ltim.testcases.tc001_LoginTest"/>
      </group> <!-- Regression -->
    </groups>
    <test started-at="2024-12-31T18:49:31 IST" name="Test" finished-at="2024-12-31T18:49:36 IST" duration-ms="5617">
      <class name="com.ltim.testcases.tc001_LoginTest">
        <test-method is-config="true" signature="setup(java.lang.String,java.lang.String)[pri:0, instance:com.ltim.testcases.tc001_LoginTest@5876a9af]" started-at="2024-12-31T18:49:31 IST" name="setup" finished-at="2024-12-31T18:49:35 IST" duration-ms="4576" status="PASS">
          <params>
            <param index="0">
              <value>
                <![CDATA[Windows]]>
              </value>
            </param>
            <param index="1">
              <value>
                <![CDATA[chrome]]>
              </value>
            </param>
          </params>
          <reporter-output>
          </reporter-output>
        </test-method> <!-- setup -->
        <test-method signature="verifyUserLogin()[pri:0, instance:com.ltim.testcases.tc001_LoginTest@5876a9af]" started-at="2024-12-31T18:49:35 IST" name="verifyUserLogin" finished-at="2024-12-31T18:49:36 IST" duration-ms="683" status="PASS">
          <reporter-output>
          </reporter-output>
        </test-method> <!-- verifyUserLogin -->
        <test-method is-config="true" signature="tearDown()[pri:0, instance:com.ltim.testcases.tc001_LoginTest@5876a9af]" started-at="2024-12-31T18:49:36 IST" name="tearDown" finished-at="2024-12-31T18:49:36 IST" duration-ms="289" status="PASS">
          <reporter-output>
          </reporter-output>
        </test-method> <!-- tearDown -->
      </class> <!-- com.ltim.testcases.tc001_LoginTest -->
    </test> <!-- Test -->
  </suite> <!-- Suite -->
</testng-results>
